22:38:04.268 TRACE Express: /gallery.html 
22:38:04.315 TRACE Express: /styles/styles.css 
22:38:04.321 TRACE Express: /styles/gallery.css 
22:38:04.327 TRACE Express: /images/tl_corner_rose.png 
22:38:04.332 TRACE Express: /images/tr_corner_rose.png 
22:38:04.367 TRACE Express: /scripts/jQuery.min.js 
22:38:04.375 TRACE Express: /scripts/gallery.js 
22:38:04.378 TRACE Express: /images/gallery/DSC_5794-2.jpg 
22:38:04.383 TRACE Express: /images/gallery/DSC_6215.jpg 
22:38:04.397 TRACE Express: /images/gallery/DSC_6178.jpg 
22:38:04.401 TRACE Express: /images/gallery/DSC_6249.jpg 
22:38:04.405 TRACE Express: /images/gallery/DSC_5875.jpg 
22:38:04.411 TRACE Express: /images/gallery/DSC_5843.jpg 
22:38:04.413 TRACE Express: /images/gallery/DSC_6107.jpg 
22:38:04.416 TRACE Express: /images/gallery/DSC_6245.jpg 
22:38:04.420 TRACE Express: /images/gallery/DSC_5877.jpg 
22:38:04.422 TRACE Express: /images/gallery/DSC_6148.jpg 
22:38:04.426 TRACE Express: /images/gallery/DSC_6208.jpg 
22:38:04.431 TRACE Express: /images/gallery/DSC_6221.jpg 
22:38:04.434 TRACE Express: /images/gallery/DSC_6054.jpg 
22:38:04.437 TRACE Express: /images/gallery/DSC_5741.jpg 
22:38:04.442 TRACE Express: /images/gallery/DSC_5829.jpg 
22:38:04.445 TRACE Express: /images/gallery/DSC_5767.jpg 
22:38:04.449 TRACE Express: /images/gallery/DSC_5906.jpg 
22:38:04.453 TRACE Express: /images/gallery/DSC_5781.jpg 
22:38:04.454 TRACE Express: /images/gallery/DSC_6124.jpg 
22:38:04.458 TRACE Express: /images/gallery/DSC_5919.jpg 
22:38:04.460 TRACE Express: /images/gallery/DSC_5901.jpg 
22:38:04.463 TRACE Express: /images/gallery/DSC_5857.jpg 
22:38:04.466 TRACE Express: /images/gallery/DSC_5982.jpg 
22:38:04.476 TRACE Express: /images/gallery/DSC_5984.jpg 
22:38:04.479 TRACE Express: /images/gallery/DSC_6128.jpg 
22:38:04.483 TRACE Express: /images/gallery/DSC_5852-2.jpg 
22:38:04.486 TRACE Express: /fonts/MonVoir.woff 
22:38:04.489 TRACE Express: /fonts/Segan-Light.woff 
22:38:04.495 TRACE Express: /images/gallery/DSC_5977.jpg 
22:38:04.505 TRACE Express: /images/gallery/DSC_6127.jpg 
22:38:04.511 TRACE Express: /images/gallery/DSC_5956.jpg 
22:38:04.515 TRACE Express: /images/gallery/DSC_6134.jpg 
22:38:04.518 TRACE Express: /images/gallery/DSC_5961.jpg 
22:38:04.521 TRACE Express: /images/gallery/DSC_5978.jpg 
22:38:04.528 TRACE Express: /images/gallery/DSC_6012.jpg 
22:38:04.530 TRACE Express: /images/gallery/DSC_5797.jpg 
22:38:04.536 TRACE Express: /images/gallery/DSC_6101.jpg 
22:38:04.539 TRACE Express: /images/gallery/DSC_5715.jpg 
22:38:04.541 TRACE Express: /images/gallery/DSC_5886.jpg 
22:38:04.545 TRACE Express: /images/gallery/DSC_6169.jpg 
22:38:04.551 TRACE Express: /images/gallery/DSC_5969.jpg 
22:38:04.553 TRACE Express: /images/gallery/DSC_6015.jpg 
22:38:04.556 TRACE Express: /images/gallery/DSC_6164.jpg 
22:38:04.560 TRACE Express: /images/gallery/DSC_5784.jpg 
22:38:04.562 TRACE Express: /images/gallery/DSC_6242.jpg 
22:38:04.566 TRACE Express: /images/gallery/DSC_6080.jpg 
22:38:04.570 TRACE Express: /images/gallery/DSC_5702.jpg 
22:38:04.573 TRACE Express: /images/gallery/DSC_6099.jpg 
22:38:04.576 TRACE Express: /images/gallery/DSC_5756.jpg 
22:38:04.580 TRACE Express: /images/gallery/DSC_6172.jpg 
22:38:04.582 TRACE Express: /images/gallery/DSC_5865.jpg 
22:38:04.587 TRACE Express: /images/gallery/DSC_5771.jpg 
22:38:04.591 TRACE Express: /images/gallery/DSC_5783.jpg 
22:38:04.593 TRACE Express: /images/gallery/DSC_6118.jpg 
22:38:04.596 TRACE Express: /images/gallery/DSC_6227.jpg 
22:38:04.600 TRACE Express: /images/gallery/DSC_6139.jpg 
22:38:04.602 TRACE Express: /images/gallery/DSC_5852.jpg 
22:38:04.605 TRACE Express: /images/gallery/DSC_5873.jpg 
22:38:04.612 TRACE Express: /images/gallery/DSC_5872.jpg 
22:38:04.614 TRACE Express: /images/gallery/DSC_5746.jpg 
22:38:04.619 TRACE Express: /images/gallery/DSC_6166.jpg 
22:38:04.622 TRACE Express: /images/gallery/DSC_5740.jpg 
22:38:04.625 TRACE Express: /images/gallery/DSC_5738.jpg 
22:38:04.627 TRACE Express: /images/gallery/DSC_6241.jpg 
22:38:04.632 TRACE Express: /images/gallery/DSC_5966.jpg 
22:38:04.634 TRACE Express: /images/gallery/DSC_5932.jpg 
22:38:04.637 TRACE Express: /images/gallery/DSC_5970.jpg 
22:38:04.641 TRACE Express: /images/gallery/DSC_5728.jpg 
22:38:04.643 TRACE Express: /images/gallery/DSC_5786.jpg 
22:38:04.645 TRACE Express: /images/gallery/DSC_5778.jpg 
22:38:04.648 TRACE Express: /images/gallery/DSC_5985.jpg 
22:38:04.650 TRACE Express: /images/gallery/DSC_5963.jpg 
22:38:04.652 TRACE Express: /images/gallery/DSC_5836.jpg 
22:38:04.657 TRACE Express: /images/gallery/DSC_5743.jpg 
22:38:04.660 TRACE Express: /images/gallery/DSC_6057.jpg 
22:38:04.662 TRACE Express: /images/gallery/DSC_5967.jpg 
22:38:04.664 TRACE Express: /images/gallery/DSC_5830.jpg 
22:38:04.667 TRACE Express: /images/gallery/DSC_6104.jpg 
22:38:04.669 TRACE Express: /images/gallery/DSC_6182.jpg 
22:38:04.672 TRACE Express: /images/gallery/DSC_5868.jpg 
22:38:04.674 TRACE Express: /images/gallery/DSC_6120.jpg 
22:38:04.678 TRACE Express: /images/gallery/DSC_6217.jpg 
22:38:04.681 TRACE Express: /images/gallery/DSC_5831.jpg 
22:38:04.683 TRACE Express: /images/gallery/DSC_5809.jpg 
22:38:04.685 TRACE Express: /images/gallery/DSC_5765.jpg 
22:38:04.688 TRACE Express: /images/gallery/DSC_5855.jpg 
22:38:04.691 TRACE Express: /images/gallery/DSC_6231.jpg 
22:38:04.693 TRACE Express: /images/gallery/DSC_5731.jpg 
22:38:04.697 TRACE Express: /images/gallery/DSC_6225.jpg 
22:38:04.699 TRACE Express: /images/gallery/DSC_5824.jpg 
22:38:04.701 TRACE Express: /images/gallery/DSC_6100.jpg 
22:38:04.703 TRACE Express: /images/gallery/DSC_5794.jpg 
22:38:04.708 TRACE Express: /images/gallery/DSC_6235.jpg 
22:38:04.710 TRACE Express: /images/gallery/DSC_5768.jpg 
22:38:04.714 TRACE Express: /images/gallery/DSC_5799.jpg 
22:38:04.717 TRACE Express: /images/arrow_left.png 
22:38:04.719 TRACE Express: /images/arrow_right.png 
