22:35:57.423 INFO  Express: /rsvp.html 
22:35:57.468 INFO  Express: /styles/styles.css 
22:35:57.474 INFO  Express: /styles/rsvp.css 
22:35:57.476 INFO  Express: /images/tl_corner_rose.png 
22:35:57.485 INFO  Express: /images/tr_corner_rose.png 
22:35:57.503 INFO  Express: /scripts/jQuery.min.js 
22:35:57.508 INFO  Express: /scripts/rsvp.js 
22:35:57.513 INFO  Express: /fonts/MonVoir.woff 
22:35:57.517 INFO  Express: /fonts/Segan-Light.woff 
22:36:12.549 INFO  Express: / 
22:36:12.589 INFO  Express: /styles/styles.css 
22:36:12.596 INFO  Express: /images/tl_corner_rose.png 
22:36:12.606 INFO  Express: /images/tr_corner_rose.png 
22:36:12.623 INFO  Express: /images/main_photo.jpg 
22:36:12.629 INFO  Express: /images/branches.png 
22:36:12.648 INFO  Express: /fonts/MonVoir.woff 
22:36:12.653 INFO  Express: /fonts/Segan-Light.woff 
22:36:26.682 INFO  Express: /rsvp.html 
22:36:26.722 INFO  Express: /styles/styles.css 
22:36:26.724 INFO  Express: /styles/rsvp.css 
22:36:26.733 INFO  Express: /images/tl_corner_rose.png 
22:36:26.736 INFO  Express: /images/tr_corner_rose.png 
22:36:26.770 INFO  Express: /scripts/jQuery.min.js 
22:36:26.782 INFO  Express: /scripts/rsvp.js 
22:36:26.792 INFO  Express: /fonts/MonVoir.woff 
22:36:26.795 INFO  Express: /fonts/Segan-Light.woff 
22:36:29.876 INFO  Express: /gallery.html 
22:36:29.907 INFO  Express: /styles/styles.css 
22:36:29.911 INFO  Express: /styles/gallery.css 
22:36:29.915 INFO  Express: /images/tl_corner_rose.png 
22:36:29.920 INFO  Express: /images/tr_corner_rose.png 
22:36:29.957 INFO  Express: /scripts/jQuery.min.js 
22:36:29.965 INFO  Express: /scripts/gallery.js 
22:36:29.967 INFO  Express: /images/gallery/DSC_5794-2.jpg 
22:36:29.974 INFO  Express: /images/gallery/DSC_6215.jpg 
22:36:29.981 INFO  Express: /images/gallery/DSC_6178.jpg 
22:36:29.984 INFO  Express: /images/gallery/DSC_6249.jpg 
22:36:29.988 INFO  Express: /images/gallery/DSC_5875.jpg 
22:36:29.992 INFO  Express: /images/gallery/DSC_5843.jpg 
22:36:30.015 INFO  Express: /images/gallery/DSC_6107.jpg 
22:36:30.021 INFO  Express: /images/gallery/DSC_6245.jpg 
22:36:30.025 INFO  Express: /images/gallery/DSC_5877.jpg 
22:36:30.030 INFO  Express: /images/gallery/DSC_6148.jpg 
22:36:30.047 INFO  Express: /images/gallery/DSC_6208.jpg 
22:36:30.050 INFO  Express: /images/gallery/DSC_6221.jpg 
22:36:30.056 INFO  Express: /images/gallery/DSC_6127.jpg 
22:36:30.059 INFO  Express: /images/gallery/DSC_5741.jpg 
22:36:30.061 INFO  Express: /images/gallery/DSC_5829.jpg 
22:36:30.067 INFO  Express: /images/gallery/DSC_5906.jpg 
22:36:30.069 INFO  Express: /images/gallery/DSC_5852-2.jpg 
22:36:30.072 INFO  Express: /images/gallery/DSC_6124.jpg 
22:36:30.078 INFO  Express: /images/gallery/DSC_5956.jpg 
22:36:30.081 INFO  Express: /images/gallery/DSC_5984.jpg 
22:36:30.087 INFO  Express: /images/gallery/DSC_5919.jpg 
22:36:30.091 INFO  Express: /images/gallery/DSC_6128.jpg 
22:36:30.093 INFO  Express: /images/gallery/DSC_5982.jpg 
22:36:30.098 INFO  Express: /images/gallery/DSC_5767.jpg 
22:36:30.102 INFO  Express: /images/gallery/DSC_5901.jpg 
22:36:30.105 INFO  Express: /images/gallery/DSC_6134.jpg 
22:36:30.107 INFO  Express: /images/gallery/DSC_6054.jpg 
22:36:30.111 INFO  Express: /images/gallery/DSC_5961.jpg 
22:36:30.114 INFO  Express: /images/gallery/DSC_5781.jpg 
22:36:30.119 INFO  Express: /images/gallery/DSC_5977.jpg 
22:36:30.123 INFO  Express: /images/gallery/DSC_5857.jpg 
22:36:30.139 INFO  Express: /images/gallery/DSC_5978.jpg 
22:36:30.142 INFO  Express: /images/gallery/DSC_6012.jpg 
22:36:30.146 INFO  Express: /images/gallery/DSC_5797.jpg 
22:36:30.149 INFO  Express: /images/gallery/DSC_6101.jpg 
22:36:30.162 INFO  Express: /images/gallery/DSC_5715.jpg 
22:36:30.166 INFO  Express: /images/gallery/DSC_5886.jpg 
22:36:30.169 INFO  Express: /images/gallery/DSC_6169.jpg 
22:36:30.183 INFO  Express: /images/gallery/DSC_5969.jpg 
22:36:30.184 INFO  Express: /images/gallery/DSC_6015.jpg 
22:36:30.188 INFO  Express: /images/gallery/DSC_6164.jpg 
22:36:30.197 INFO  Express: /images/gallery/DSC_5784.jpg 
22:36:30.200 INFO  Express: /images/gallery/DSC_6242.jpg 
22:36:30.210 INFO  Express: /images/gallery/DSC_6080.jpg 
22:36:30.214 INFO  Express: /images/gallery/DSC_5702.jpg 
22:36:30.227 INFO  Express: /images/gallery/DSC_6099.jpg 
22:36:30.232 INFO  Express: /images/gallery/DSC_5756.jpg 
22:36:30.241 INFO  Express: /images/gallery/DSC_6172.jpg 
22:36:30.253 INFO  Express: /images/gallery/DSC_5865.jpg 
22:36:30.261 INFO  Express: /images/gallery/DSC_5771.jpg 
22:36:30.278 INFO  Express: /images/gallery/DSC_5783.jpg 
22:36:30.284 INFO  Express: /images/gallery/DSC_6118.jpg 
22:36:30.296 INFO  Express: /images/gallery/DSC_6227.jpg 
22:36:30.300 INFO  Express: /images/gallery/DSC_6139.jpg 
22:36:30.315 INFO  Express: /images/gallery/DSC_5852.jpg 
22:36:30.320 INFO  Express: /images/gallery/DSC_5873.jpg 
22:36:30.323 INFO  Express: /images/gallery/DSC_5872.jpg 
22:36:30.333 INFO  Express: /images/gallery/DSC_5746.jpg 
22:36:30.343 INFO  Express: /images/gallery/DSC_6166.jpg 
22:36:30.352 INFO  Express: /images/gallery/DSC_5740.jpg 
22:36:30.359 INFO  Express: /images/gallery/DSC_5738.jpg 
22:36:30.362 INFO  Express: /images/gallery/DSC_6241.jpg 
22:36:30.368 INFO  Express: /images/gallery/DSC_5966.jpg 
22:36:30.372 INFO  Express: /images/gallery/DSC_5932.jpg 
22:36:30.377 INFO  Express: /images/gallery/DSC_5970.jpg 
22:36:30.388 INFO  Express: /images/gallery/DSC_5728.jpg 
22:36:30.392 INFO  Express: /images/gallery/DSC_5786.jpg 
22:36:30.395 INFO  Express: /images/gallery/DSC_5778.jpg 
22:36:30.398 INFO  Express: /images/gallery/DSC_5985.jpg 
22:36:30.403 INFO  Express: /images/gallery/DSC_5963.jpg 
22:36:30.407 INFO  Express: /images/gallery/DSC_5836.jpg 
22:36:30.413 INFO  Express: /images/gallery/DSC_5743.jpg 
22:36:30.418 INFO  Express: /images/gallery/DSC_6057.jpg 
22:36:30.430 INFO  Express: /images/gallery/DSC_5967.jpg 
22:36:30.434 INFO  Express: /images/gallery/DSC_5830.jpg 
22:36:30.436 INFO  Express: /images/gallery/DSC_6104.jpg 
22:36:30.439 INFO  Express: /images/gallery/DSC_6182.jpg 
22:36:30.443 INFO  Express: /images/gallery/DSC_5868.jpg 
22:36:30.449 INFO  Express: /images/gallery/DSC_6120.jpg 
22:36:30.452 INFO  Express: /images/gallery/DSC_6217.jpg 
22:36:30.464 INFO  Express: /images/gallery/DSC_5831.jpg 
22:36:30.467 INFO  Express: /images/gallery/DSC_5809.jpg 
22:36:30.475 INFO  Express: /images/gallery/DSC_5765.jpg 
22:36:30.483 INFO  Express: /images/gallery/DSC_5855.jpg 
22:36:30.487 INFO  Express: /images/gallery/DSC_6231.jpg 
22:36:30.491 INFO  Express: /images/gallery/DSC_5731.jpg 
22:36:30.500 INFO  Express: /images/gallery/DSC_6225.jpg 
22:36:30.503 INFO  Express: /images/gallery/DSC_5824.jpg 
22:36:30.512 INFO  Express: /images/gallery/DSC_6100.jpg 
22:36:30.521 INFO  Express: /images/gallery/DSC_5794.jpg 
22:36:30.524 INFO  Express: /images/gallery/DSC_6235.jpg 
22:36:30.527 INFO  Express: /images/gallery/DSC_5768.jpg 
22:36:30.531 INFO  Express: /images/gallery/DSC_5799.jpg 
22:36:30.536 INFO  Express: /images/arrow_left.png 
22:36:30.541 INFO  Express: /images/arrow_right.png 
