21:24:39.442 INFO  Express: / 
21:24:43.779 INFO  Express: /registry.html 
21:29:27.314 INFO  Express: /registry.html 
21:32:54.893 INFO  Express: /registry.html 
21:34:37.726 INFO  Express: /registry.html 
21:35:49.141 INFO  Express: /guests.html 
21:35:50.576 INFO  Express: /registry.html 
21:36:41.600 INFO  Express: / 
21:36:46.019 INFO  Express: /registry.html 
21:37:12.834 INFO  Express: /rsvp.html 
21:37:14.092 INFO  Express: /registry.html 
21:38:00.661 INFO  Express: /guests.html 
21:38:02.052 INFO  Express: /gallery.html 
21:38:06.181 INFO  Express: /registry.html 
21:46:16.782 INFO  Express: /registry.html 
21:46:25.619 INFO  Express: /registry.html 
21:46:37.958 INFO  Express: /registry.html 
22:24:01.339 INFO  Express: /registry.html 
22:28:07.534 INFO  Express: /registry.html 
22:31:46.033 INFO  Express: /registry.html 
22:41:07.986 INFO  Express: /registry.html 
22:41:55.477 INFO  Express: /registry.html 
22:44:33.697 INFO  Express: /registry.html 
22:45:56.319 INFO  Express: /registry.html 
22:46:13.282 INFO  Express: /registry.html 
22:46:23.914 INFO  Express: /registry.html 
22:50:16.745 INFO  Express: /registry.html 
22:58:33.411 INFO  Express: /registry.html 
23:10:44.162 INFO  Express: /registry.html 
23:13:32.687 INFO  Express: /registry.html 
23:13:53.106 INFO  Express: /registry.html 
23:14:07.253 INFO  Express: /registry.html 
23:14:15.770 INFO  Express: /registry.html 
23:14:44.365 INFO  Express: /registry.html 
23:14:58.167 INFO  Express: /registry.html 
23:15:14.236 INFO  Express: /registry.html 
23:15:32.741 INFO  Express: /registry.html 
23:15:49.384 INFO  Express: /registry.html 
23:16:03.151 INFO  Express: /registry.html 
23:16:38.643 INFO  Express: /registry.html 
23:16:57.636 INFO  Express: /registry.html 
23:17:17.600 INFO  Express: /registry.html 
23:17:32.884 INFO  Express: /registry.html 
23:22:08.651 INFO  Express: /registry.html 
23:26:44.626 INFO  Express: /registry.html 
23:29:39.470 INFO  Express: /registry.html 
