23:52:02.831 INFO  Express: /rsvp.html 
23:52:06.560 INFO  Express: /get_invite_info?input=john 
23:52:06.564 INFO  Search: john 
23:53:07.531 INFO  Express: /rsvp.html 
23:53:10.690 INFO  Express: /get_invite_info?input=john 
23:53:10.690 INFO  Search: john 
23:53:11.755 INFO  Express: /get_invite_info?input=john 
23:53:11.755 INFO  Search: john 
23:53:17.695 INFO  Express: /update_rsvp 
23:53:17.735 INFO  Update rsvp: {"56":{"attending_reception":true,"attending_ceremony":false},"57":{"attending_reception":true,"attending_ceremony":true}} 
23:53:17.735 INFO  Making query: update Invitation set attending_reception=true,attending_ceremony=false where guest_id=56 
23:53:17.735 INFO  Making query: update Invitation set attending_reception=true,attending_ceremony=true where guest_id=57 
23:57:56.449 INFO  Express: /rsvp.html 
23:58:22.647 INFO  Express: /get_invite_info?input=kuboyama 
23:58:22.651 INFO  Search: kuboyama 
23:58:51.059 INFO  Express: /rsvp.html 
23:59:24.421 INFO  Express: /rsvp.html 
00:00:36.908 INFO  Express: / 
00:00:43.173 INFO  Express: /rsvp.html 
00:02:28.365 INFO  Express: /rsvp.html 
00:02:52.310 INFO  Express: /rsvp.html 
00:03:48.558 INFO  Express: /rsvp.html 
00:04:19.176 INFO  Express: /rsvp.html 
00:05:08.156 INFO  Express: /rsvp.html 
00:05:29.735 INFO  Express: /rsvp.html 
00:05:36.155 INFO  Express: /rsvp.html 
00:05:55.618 INFO  Express: / 
00:05:57.333 INFO  Express: /rsvp.html 
00:05:58.388 INFO  Express: /guests.html 
00:06:00.271 INFO  Express: /registry.html 
00:06:07.083 INFO  Express: /gallery.html 
00:06:11.709 INFO  Express: /registry.html 
00:06:14.083 INFO  Express: /gallery.html 
00:06:15.398 INFO  Express: /registry.html 
00:06:16.883 INFO  Express: /guests.html 
00:06:20.644 INFO  Express: /registry.html 
00:07:28.544 INFO  Express: /registry.html 
00:08:18.798 INFO  Express: /rsvp.html 
00:08:33.665 INFO  Express: /get_invite_info?input=kuboyama 
00:08:33.673 INFO  Search: kuboyama 
00:09:46.380 INFO  Express: /rsvp.html 
00:09:54.867 INFO  Express: /rsvp.html 
00:10:33.228 INFO  Express: /rsvp.html 
00:10:51.603 INFO  Express: /rsvp.html 
00:11:08.898 INFO  Express: /rsvp.html 
00:11:20.632 INFO  Express: /rsvp.html 
00:11:24.747 INFO  Express: /get_invite_info?input=kuboyama 
00:11:24.751 INFO  Search: kuboyama 
00:12:00.030 INFO  Express: /rsvp.html 
00:12:07.345 INFO  Express: /get_invite_info?input=kuboyama 
00:12:07.349 INFO  Search: kuboyama 
00:12:40.253 INFO  Express: /rsvp.html 
00:12:43.393 INFO  Express: /get_invite_info?input=kuboyama 
00:12:43.401 INFO  Search: kuboyama 
00:13:24.147 INFO  Express: /rsvp.html 
00:13:25.706 INFO  Express: /get_invite_info?input=kuboyama 
00:13:25.714 INFO  Search: kuboyama 
00:13:34.572 INFO  Express: / 
00:13:39.616 INFO  Express: /rsvp.html 
00:13:43.010 INFO  Express: / 
00:13:53.815 INFO  Express: /rsvp.html 
00:13:55.768 INFO  Express: /get_invite_info?input=kuboyama 
00:13:55.772 INFO  Search: kuboyama 
00:19:34.935 INFO  Express: /rsvp.html 
00:19:42.082 INFO  Express: /rsvp.html 
00:19:50.053 INFO  Express: /rsvp.html 
00:20:22.291 INFO  Express: /get_invite_info?input=kuboyama 
00:20:22.295 INFO  Search: kuboyama 
00:20:47.354 INFO  Express: /get_invite_info?input=thoma 
00:20:47.354 INFO  Search: thoma 
00:21:06.589 INFO  Express: /rsvp.html 
00:21:09.160 INFO  Express: /get_invite_info?input=jake 
00:21:09.164 INFO  Search: jake 
00:22:02.341 INFO  Express: /get_invite_info?input=korthenhof 
00:22:02.345 INFO  Search: korthenhof 
00:22:05.499 INFO  Express: /get_invite_info?input=kortenhof 
00:22:05.503 INFO  Search: kortenhof 
00:23:20.501 INFO  Express: /get_invite_info?input=kortenhof 
00:23:20.505 INFO  Search: kortenhof 
00:23:44.195 INFO  Express: /rsvp.html 
00:23:47.137 INFO  Express: /get_invite_info?input=joe 
00:23:47.137 INFO  Search: joe 
00:24:56.048 INFO  Express: /rsvp.html 
00:24:58.548 INFO  Express: /get_invite_info?input=joe 
00:24:58.548 INFO  Search: joe 
00:26:35.101 INFO  Express: /rsvp.html 
00:26:36.820 INFO  Express: /get_invite_info?input=kuboyama 
00:26:36.828 INFO  Search: kuboyama 
00:28:50.273 INFO  Express: /rsvp.html 
00:28:54.862 INFO  Express: /get_invite_info?input=kuboyama 
00:28:54.866 INFO  Search: kuboyama 
00:29:15.564 INFO  Express: /gallery.html 
