21:10:01.882 INFO  Express: /guests.html 
21:22:13.115 INFO  Express: / 
21:23:21.851 INFO  Express: /rsvp.html 
21:23:24.500 INFO  Express: /guests.html 
21:23:27.602 INFO  Express: /registry.html 
21:23:48.843 INFO  Express: /gallery.html 
21:24:12.294 INFO  Express: / 
21:24:25.943 INFO  Express: /registry.html 
21:26:45.977 INFO  Express: / 
21:26:50.247 INFO  Express: /rsvp.html 
21:26:54.233 INFO  Express: /guests.html 
21:26:56.660 INFO  Express: /registry.html 
21:27:03.445 INFO  Express: /gallery.html 
21:27:29.995 INFO  Express: /guests.html 
21:28:22.140 INFO  Express: /guests.html 
21:29:23.548 INFO  Express: /guests.html 
21:31:44.814 INFO  Express: /guests.html 
21:32:01.529 INFO  Express: / 
21:32:04.712 INFO  Express: /rsvp.html 
21:32:06.728 INFO  Express: /guests.html 
21:33:36.916 INFO  Express: /guests.html 
21:33:38.688 INFO  Express: / 
21:33:40.071 INFO  Express: /guests.html 
21:34:38.715 INFO  Express: / 
21:35:17.811 INFO  Express: / 
21:35:18.806 INFO  Express: / 
21:35:31.759 INFO  Express: /guests.html 
21:36:22.901 INFO  Express: /guests.html 
21:37:02.549 INFO  Express: /guests.html 
21:37:38.938 INFO  Express: /guests.html 
21:38:09.277 INFO  Express: /guests.html 
21:39:46.158 INFO  Express: /guests.html 
21:39:55.377 INFO  Express: /guests.html 
21:40:00.408 INFO  Express: /guests.html 
21:42:43.424 INFO  Express: /guests.html 
21:43:58.657 INFO  Express: /guests.html 
21:46:05.645 INFO  Express: /guests.html 
21:46:24.171 INFO  Express: /guests.html 
21:48:03.765 INFO  Express: /guests.html 
21:50:04.074 INFO  Express: /guests.html 
21:50:47.991 INFO  Express: /guests.html 
21:51:07.342 INFO  Express: /guests.html 
21:51:20.934 INFO  Express: /guests.html 
21:51:54.597 INFO  Express: /guests.html 
21:51:57.405 INFO  Express: /guests.html 
21:52:03.929 INFO  Express: /guests.html 
21:52:09.684 INFO  Express: /guests.html 
21:52:32.769 INFO  Express: /guests.html 
21:53:04.235 INFO  Express: /guests.html 
21:53:10.333 INFO  Express: /guests.html 
21:54:07.415 INFO  Express: /guests.html 
21:54:15.023 INFO  Express: /guests.html 
21:54:57.279 INFO  Express: /guests.html 
21:55:45.902 INFO  Express: /guests.html 
21:55:55.708 INFO  Express: / 
21:56:55.046 INFO  Express: / 
21:56:59.474 INFO  Express: /guests.html 
21:57:25.369 INFO  Express: /guests.html 
21:58:00.774 INFO  Express: /guests.html 
21:58:56.096 INFO  Express: /guests.html 
21:59:12.283 INFO  Express: /guests.html 
21:59:20.167 INFO  Express: /guests.html 
21:59:29.286 INFO  Express: /guests.html 
21:59:30.655 INFO  Express: /guests.html 
21:59:59.831 INFO  Express: /guests.html 
22:00:15.781 INFO  Express: /guests.html 
22:00:37.771 INFO  Express: /guests.html 
22:00:46.345 INFO  Express: /guests.html 
22:01:00.893 INFO  Express: /guests.html 
22:01:32.155 INFO  Express: /guests.html 
22:02:20.959 INFO  Express: /guests.html 
22:02:21.827 INFO  Express: /guests.html 
22:03:48.286 INFO  Express: /guests.html 
22:04:01.507 INFO  Express: /guests.html 
22:04:24.569 INFO  Express: /guests.html 
22:05:27.210 INFO  Express: /guests.html 
22:06:09.225 INFO  Express: /guests.html 
22:07:14.778 INFO  Express: /gallery.html 
22:20:57.630 INFO  Express: /gallery.html 
22:21:15.265 INFO  Express: /gallery.html 
22:21:44.625 INFO  Express: /gallery.html 
22:22:09.034 INFO  Express: /gallery.html 
22:22:21.030 INFO  Express: /gallery.html 
22:22:32.109 INFO  Express: /gallery.html 
22:22:40.842 INFO  Express: /gallery.html 
22:23:07.790 INFO  Express: /gallery.html 
22:23:16.001 INFO  Express: /gallery.html 
22:23:37.678 INFO  Express: /gallery.html 
22:23:43.755 INFO  Express: /gallery.html 
