16:33:46.460 INFO  Express: / 
16:33:48.912 INFO  Express: /gallery.html 
16:47:35.211 INFO  Express: /gallery.html 
16:48:26.972 INFO  Express: /gallery.html 
16:48:41.673 INFO  Express: /gallery.html 
16:57:03.618 INFO  Express: /gallery.html 
17:03:34.130 INFO  Express: /gallery.html 
17:12:05.823 INFO  Express: /gallery.html 
17:12:23.422 INFO  Express: /gallery.html 
17:15:42.698 INFO  Express: /gallery.html 
17:16:30.689 INFO  Express: /gallery.html 
17:17:09.189 INFO  Express: /gallery.html 
17:18:05.954 INFO  Express: /gallery.html 
17:18:47.433 INFO  Express: /gallery.html 
17:18:51.163 INFO  Express: /registry.html 
17:18:52.907 INFO  Express: /gallery.html 
17:18:54.163 INFO  Express: /songs.html 
17:18:55.763 INFO  Express: /guests.html 
17:18:58.835 INFO  Express: / 
17:19:08.136 INFO  Express: / 
17:19:10.034 INFO  Express: /registry.html 
17:19:10.971 INFO  Express: /songs.html 
